{"/Users/justin.rabiller/Documents/www/tally/src/application/usecase/generate-report.ts": {"path":"/Users/justin.rabiller/Documents/www/tally/src/application/usecase/generate-report.ts","statementMap":{"0":{"start":{"line":9,"column":12},"end":{"line":9,"column":null}},"1":{"start":{"line":10,"column":12},"end":{"line":10,"column":null}},"2":{"start":{"line":14,"column":19},"end":{"line":14,"column":null}},"3":{"start":{"line":15,"column":4},"end":{"line":17,"column":null}},"4":{"start":{"line":16,"column":6},"end":{"line":16,"column":null}},"5":{"start":{"line":19,"column":25},"end":{"line":19,"column":null}},"6":{"start":{"line":20,"column":4},"end":{"line":20,"column":null}}},"fnMap":{"0":{"name":"(anonymous_0)","decl":{"start":{"line":8,"column":2},"end":{"line":8,"column":null}},"loc":{"start":{"line":11,"column":4},"end":{"line":11,"column":null}},"line":11},"1":{"name":"(anonymous_1)","decl":{"start":{"line":13,"column":2},"end":{"line":13,"column":10}},"loc":{"start":{"line":13,"column":39},"end":{"line":21,"column":null}},"line":13}},"branchMap":{"0":{"loc":{"start":{"line":15,"column":4},"end":{"line":17,"column":null}},"type":"if","locations":[{"start":{"line":15,"column":4},"end":{"line":17,"column":null}},{"start":{},"end":{}}],"line":15}},"s":{"0":5,"1":5,"2":4,"3":4,"4":1,"5":3,"6":3},"f":{"0":5,"1":4},"b":{"0":[1,3]},"meta":{"lastBranch":1,"lastFunction":2,"lastStatement":7,"seen":{"f:8:2:8:Infinity":0,"s:9:12:9:Infinity":0,"s:10:12:10:Infinity":1,"f:13:2:13:10":1,"s:14:19:14:Infinity":2,"b:15:4:17:Infinity:undefined:undefined:undefined:undefined":0,"s:15:4:17:Infinity":3,"s:16:6:16:Infinity":4,"s:19:25:19:Infinity":5,"s:20:4:20:Infinity":6}}}
,"/Users/justin.rabiller/Documents/www/tally/src/application/usecase/import-transactions.ts": {"path":"/Users/justin.rabiller/Documents/www/tally/src/application/usecase/import-transactions.ts","statementMap":{"0":{"start":{"line":8,"column":12},"end":{"line":8,"column":null}},"1":{"start":{"line":9,"column":12},"end":{"line":9,"column":null}},"2":{"start":{"line":13,"column":21},"end":{"line":13,"column":null}},"3":{"start":{"line":14,"column":4},"end":{"line":16,"column":null}},"4":{"start":{"line":15,"column":6},"end":{"line":15,"column":null}},"5":{"start":{"line":17,"column":4},"end":{"line":17,"column":null}},"6":{"start":{"line":27,"column":21},"end":{"line":27,"column":null}},"7":{"start":{"line":27,"column":68},"end":{"line":27,"column":72}},"8":{"start":{"line":28,"column":27},"end":{"line":30,"column":null}},"9":{"start":{"line":29,"column":29},"end":{"line":29,"column":41}},"10":{"start":{"line":29,"column":54},"end":{"line":29,"column":58}},"11":{"start":{"line":31,"column":46},"end":{"line":31,"column":null}},"12":{"start":{"line":32,"column":41},"end":{"line":32,"column":null}},"13":{"start":{"line":33,"column":4},"end":{"line":40,"column":null}},"14":{"start":{"line":34,"column":6},"end":{"line":39,"column":null}},"15":{"start":{"line":35,"column":19},"end":{"line":35,"column":null}},"16":{"start":{"line":35,"column":40},"end":{"line":35,"column":53}},"17":{"start":{"line":36,"column":8},"end":{"line":36,"column":null}},"18":{"start":{"line":38,"column":8},"end":{"line":38,"column":null}},"19":{"start":{"line":41,"column":4},"end":{"line":41,"column":null}},"20":{"start":{"line":45,"column":4},"end":{"line":45,"column":null}},"21":{"start":{"line":46,"column":4},"end":{"line":46,"column":null}},"22":{"start":{"line":50,"column":4},"end":{"line":50,"column":null}}},"fnMap":{"0":{"name":"(anonymous_0)","decl":{"start":{"line":7,"column":2},"end":{"line":7,"column":null}},"loc":{"start":{"line":10,"column":4},"end":{"line":10,"column":null}},"line":10},"1":{"name":"(anonymous_1)","decl":{"start":{"line":12,"column":2},"end":{"line":12,"column":8}},"loc":{"start":{"line":12,"column":59},"end":{"line":18,"column":null}},"line":12},"2":{"name":"(anonymous_2)","decl":{"start":{"line":23,"column":2},"end":{"line":23,"column":24}},"loc":{"start":{"line":26,"column":4},"end":{"line":42,"column":null}},"line":26},"3":{"name":"(anonymous_3)","decl":{"start":{"line":27,"column":61},"end":{"line":27,"column":62}},"loc":{"start":{"line":27,"column":68},"end":{"line":27,"column":72}},"line":27},"4":{"name":"(anonymous_4)","decl":{"start":{"line":29,"column":22},"end":{"line":29,"column":23}},"loc":{"start":{"line":29,"column":29},"end":{"line":29,"column":41}},"line":29},"5":{"name":"(anonymous_5)","decl":{"start":{"line":29,"column":47},"end":{"line":29,"column":48}},"loc":{"start":{"line":29,"column":54},"end":{"line":29,"column":58}},"line":29},"6":{"name":"(anonymous_6)","decl":{"start":{"line":35,"column":33},"end":{"line":35,"column":34}},"loc":{"start":{"line":35,"column":40},"end":{"line":35,"column":53}},"line":35},"7":{"name":"(anonymous_7)","decl":{"start":{"line":44,"column":2},"end":{"line":44,"column":7}},"loc":{"start":{"line":44,"column":55},"end":{"line":47,"column":null}},"line":44},"8":{"name":"(anonymous_8)","decl":{"start":{"line":49,"column":2},"end":{"line":49,"column":24}},"loc":{"start":{"line":49,"column":24},"end":{"line":51,"column":null}},"line":49}},"branchMap":{"0":{"loc":{"start":{"line":14,"column":4},"end":{"line":16,"column":null}},"type":"if","locations":[{"start":{"line":14,"column":4},"end":{"line":16,"column":null}},{"start":{},"end":{}}],"line":14},"1":{"loc":{"start":{"line":34,"column":6},"end":{"line":39,"column":null}},"type":"if","locations":[{"start":{"line":34,"column":6},"end":{"line":39,"column":null}},{"start":{"line":37,"column":13},"end":{"line":39,"column":null}}],"line":34}},"s":{"0":7,"1":7,"2":7,"3":7,"4":1,"5":6,"6":1,"7":4,"8":1,"9":4,"10":2,"11":1,"12":1,"13":1,"14":4,"15":2,"16":3,"17":2,"18":2,"19":1,"20":4,"21":4,"22":1},"f":{"0":7,"1":7,"2":1,"3":4,"4":4,"5":2,"6":3,"7":4,"8":1},"b":{"0":[1,6],"1":[2,2]},"meta":{"lastBranch":2,"lastFunction":9,"lastStatement":23,"seen":{"f:7:2:7:Infinity":0,"s:8:12:8:Infinity":0,"s:9:12:9:Infinity":1,"f:12:2:12:8":1,"s:13:21:13:Infinity":2,"b:14:4:16:Infinity:undefined:undefined:undefined:undefined":0,"s:14:4:16:Infinity":3,"s:15:6:15:Infinity":4,"s:17:4:17:Infinity":5,"f:23:2:23:24":2,"s:27:21:27:Infinity":6,"f:27:61:27:62":3,"s:27:68:27:72":7,"s:28:27:30:Infinity":8,"f:29:22:29:23":4,"s:29:29:29:41":9,"f:29:47:29:48":5,"s:29:54:29:58":10,"s:31:46:31:Infinity":11,"s:32:41:32:Infinity":12,"s:33:4:40:Infinity":13,"b:34:6:39:Infinity:37:13:39:Infinity":1,"s:34:6:39:Infinity":14,"s:35:19:35:Infinity":15,"f:35:33:35:34":6,"s:35:40:35:53":16,"s:36:8:36:Infinity":17,"s:38:8:38:Infinity":18,"s:41:4:41:Infinity":19,"f:44:2:44:7":7,"s:45:4:45:Infinity":20,"s:46:4:46:Infinity":21,"f:49:2:49:24":8,"s:50:4:50:Infinity":22}}}
,"/Users/justin.rabiller/Documents/www/tally/src/application/usecase/plan-budget.ts": {"path":"/Users/justin.rabiller/Documents/www/tally/src/application/usecase/plan-budget.ts","statementMap":{"0":{"start":{"line":9,"column":22},"end":{"line":9,"column":52}},"1":{"start":{"line":12,"column":4},"end":{"line":14,"column":null}},"2":{"start":{"line":13,"column":6},"end":{"line":13,"column":null}},"3":{"start":{"line":16,"column":19},"end":{"line":22,"column":null}},"4":{"start":{"line":18,"column":44},"end":{"line":21,"column":8}},"5":{"start":{"line":24,"column":4},"end":{"line":24,"column":null}},"6":{"start":{"line":25,"column":4},"end":{"line":25,"column":null}},"7":{"start":{"line":29,"column":4},"end":{"line":29,"column":null}}},"fnMap":{"0":{"name":"(anonymous_0)","decl":{"start":{"line":9,"column":2},"end":{"line":9,"column":22}},"loc":{"start":{"line":9,"column":52},"end":{"line":9,"column":null}},"line":9},"1":{"name":"(anonymous_1)","decl":{"start":{"line":11,"column":2},"end":{"line":11,"column":19}},"loc":{"start":{"line":11,"column":41},"end":{"line":26,"column":null}},"line":11},"2":{"name":"(anonymous_2)","decl":{"start":{"line":18,"column":29},"end":{"line":18,"column":30}},"loc":{"start":{"line":18,"column":44},"end":{"line":21,"column":8}},"line":18},"3":{"name":"(anonymous_3)","decl":{"start":{"line":28,"column":2},"end":{"line":28,"column":6}},"loc":{"start":{"line":28,"column":35},"end":{"line":30,"column":null}},"line":28}},"branchMap":{"0":{"loc":{"start":{"line":12,"column":4},"end":{"line":14,"column":null}},"type":"if","locations":[{"start":{"line":12,"column":4},"end":{"line":14,"column":null}},{"start":{},"end":{}}],"line":12}},"s":{"0":7,"1":6,"2":1,"3":5,"4":165,"5":5,"6":5,"7":2},"f":{"0":7,"1":6,"2":165,"3":2},"b":{"0":[1,5]},"meta":{"lastBranch":1,"lastFunction":4,"lastStatement":8,"seen":{"f:9:2:9:22":0,"s:9:22:9:52":0,"f:11:2:11:19":1,"b:12:4:14:Infinity:undefined:undefined:undefined:undefined":0,"s:12:4:14:Infinity":1,"s:13:6:13:Infinity":2,"s:16:19:22:Infinity":3,"f:18:29:18:30":2,"s:18:44:21:8":4,"s:24:4:24:Infinity":5,"s:25:4:25:Infinity":6,"f:28:2:28:6":3,"s:29:4:29:Infinity":7}}}
,"/Users/justin.rabiller/Documents/www/tally/src/domain/default-categories.ts": {"path":"/Users/justin.rabiller/Documents/www/tally/src/domain/default-categories.ts","statementMap":{"0":{"start":{"line":9,"column":2},"end":{"line":9,"column":null}},"1":{"start":{"line":12,"column":10},"end":{"line":12,"column":null}},"2":{"start":{"line":13,"column":10},"end":{"line":13,"column":null}},"3":{"start":{"line":14,"column":10},"end":{"line":14,"column":null}},"4":{"start":{"line":15,"column":12},"end":{"line":15,"column":null}},"5":{"start":{"line":19,"column":46},"end":{"line":57,"column":null}}},"fnMap":{"0":{"name":"cat","decl":{"start":{"line":4,"column":9},"end":{"line":4,"column":null}},"loc":{"start":{"line":8,"column":12},"end":{"line":10,"column":null}},"line":8}},"branchMap":{},"s":{"0":363,"1":11,"2":11,"3":11,"4":11,"5":11},"f":{"0":363},"b":{},"meta":{"lastBranch":0,"lastFunction":1,"lastStatement":6,"seen":{"f:4:9:4:Infinity":0,"s:9:2:9:Infinity":0,"s:12:10:12:Infinity":1,"s:13:10:13:Infinity":2,"s:14:10:14:Infinity":3,"s:15:12:15:Infinity":4,"s:19:46:57:Infinity":5}}}
,"/Users/justin.rabiller/Documents/www/tally/src/domain/entity/budget.ts": {"path":"/Users/justin.rabiller/Documents/www/tally/src/domain/entity/budget.ts","statementMap":{"0":{"start":{"line":13,"column":13},"end":{"line":13,"column":null}},"1":{"start":{"line":14,"column":13},"end":{"line":14,"column":null}},"2":{"start":{"line":18,"column":4},"end":{"line":20,"column":null}},"3":{"start":{"line":19,"column":24},"end":{"line":19,"column":53}},"4":{"start":{"line":20,"column":29},"end":{"line":20,"column":51}},"5":{"start":{"line":24,"column":4},"end":{"line":24,"column":null}},"6":{"start":{"line":24,"column":44},"end":{"line":24,"column":66}}},"fnMap":{"0":{"name":"(anonymous_0)","decl":{"start":{"line":12,"column":2},"end":{"line":12,"column":null}},"loc":{"start":{"line":15,"column":4},"end":{"line":15,"column":null}},"line":15},"1":{"name":"(anonymous_1)","decl":{"start":{"line":17,"column":2},"end":{"line":17,"column":15}},"loc":{"start":{"line":17,"column":44},"end":{"line":21,"column":null}},"line":17},"2":{"name":"(anonymous_2)","decl":{"start":{"line":19,"column":14},"end":{"line":19,"column":15}},"loc":{"start":{"line":19,"column":24},"end":{"line":19,"column":53}},"line":19},"3":{"name":"(anonymous_3)","decl":{"start":{"line":20,"column":14},"end":{"line":20,"column":15}},"loc":{"start":{"line":20,"column":29},"end":{"line":20,"column":51}},"line":20},"4":{"name":"(anonymous_4)","decl":{"start":{"line":23,"column":2},"end":{"line":23,"column":17}},"loc":{"start":{"line":23,"column":17},"end":{"line":25,"column":null}},"line":23},"5":{"name":"(anonymous_5)","decl":{"start":{"line":24,"column":29},"end":{"line":24,"column":30}},"loc":{"start":{"line":24,"column":44},"end":{"line":24,"column":66}},"line":24}},"branchMap":{},"s":{"0":24,"1":24,"2":108,"3":684,"4":172,"5":4,"6":38},"f":{"0":24,"1":108,"2":684,"3":172,"4":4,"5":38},"b":{},"meta":{"lastBranch":0,"lastFunction":6,"lastStatement":7,"seen":{"f:12:2:12:Infinity":0,"s:13:13:13:Infinity":0,"s:14:13:14:Infinity":1,"f:17:2:17:15":1,"s:18:4:20:Infinity":2,"f:19:14:19:15":2,"s:19:24:19:53":3,"f:20:14:20:15":3,"s:20:29:20:51":4,"f:23:2:23:17":4,"s:24:4:24:Infinity":5,"f:24:29:24:30":5,"s:24:44:24:66":6}}}
,"/Users/justin.rabiller/Documents/www/tally/src/domain/entity/monthly-report.ts": {"path":"/Users/justin.rabiller/Documents/www/tally/src/domain/entity/monthly-report.ts","statementMap":{"0":{"start":{"line":7,"column":40},"end":{"line":11,"column":null}},"1":{"start":{"line":24,"column":13},"end":{"line":24,"column":null}},"2":{"start":{"line":25,"column":13},"end":{"line":25,"column":null}},"3":{"start":{"line":26,"column":13},"end":{"line":26,"column":null}},"4":{"start":{"line":27,"column":13},"end":{"line":27,"column":null}},"5":{"start":{"line":28,"column":13},"end":{"line":28,"column":null}},"6":{"start":{"line":29,"column":13},"end":{"line":29,"column":null}},"7":{"start":{"line":30,"column":13},"end":{"line":30,"column":null}},"8":{"start":{"line":31,"column":13},"end":{"line":31,"column":null}},"9":{"start":{"line":32,"column":13},"end":{"line":32,"column":null}},"10":{"start":{"line":36,"column":26},"end":{"line":36,"column":null}},"11":{"start":{"line":38,"column":4},"end":{"line":40,"column":null}},"12":{"start":{"line":39,"column":6},"end":{"line":39,"column":null}},"13":{"start":{"line":42,"column":29},"end":{"line":42,"column":null}},"14":{"start":{"line":43,"column":4},"end":{"line":45,"column":null}},"15":{"start":{"line":44,"column":6},"end":{"line":44,"column":null}},"16":{"start":{"line":47,"column":24},"end":{"line":47,"column":null}},"17":{"start":{"line":49,"column":4},"end":{"line":59,"column":null}},"18":{"start":{"line":50,"column":20},"end":{"line":52,"column":null}},"19":{"start":{"line":53,"column":24},"end":{"line":53,"column":null}},"20":{"start":{"line":54,"column":6},"end":{"line":58,"column":null}},"21":{"start":{"line":55,"column":8},"end":{"line":55,"column":null}},"22":{"start":{"line":57,"column":8},"end":{"line":57,"column":null}},"23":{"start":{"line":61,"column":33},"end":{"line":64,"column":null}},"24":{"start":{"line":62,"column":18},"end":{"line":62,"column":null}},"25":{"start":{"line":65,"column":31},"end":{"line":68,"column":null}},"26":{"start":{"line":66,"column":18},"end":{"line":66,"column":null}},"27":{"start":{"line":69,"column":32},"end":{"line":69,"column":null}},"28":{"start":{"line":70,"column":30},"end":{"line":70,"column":null}},"29":{"start":{"line":72,"column":35},"end":{"line":100,"column":null}},"30":{"start":{"line":74,"column":25},"end":{"line":74,"column":null}},"31":{"start":{"line":75,"column":23},"end":{"line":75,"column":null}},"32":{"start":{"line":76,"column":25},"end":{"line":76,"column":null}},"33":{"start":{"line":77,"column":32},"end":{"line":79,"column":null}},"34":{"start":{"line":80,"column":32},"end":{"line":82,"column":null}},"35":{"start":{"line":84,"column":8},"end":{"line":98,"column":null}},"36":{"start":{"line":102,"column":16},"end":{"line":105,"column":null}},"37":{"start":{"line":103,"column":20},"end":{"line":103,"column":null}},"38":{"start":{"line":107,"column":4},"end":{"line":117,"column":null}}},"fnMap":{"0":{"name":"(anonymous_0)","decl":{"start":{"line":23,"column":10},"end":{"line":23,"column":null}},"loc":{"start":{"line":33,"column":4},"end":{"line":33,"column":null}},"line":33},"1":{"name":"(anonymous_1)","decl":{"start":{"line":35,"column":9},"end":{"line":35,"column":17}},"loc":{"start":{"line":35,"column":77},"end":{"line":118,"column":null}},"line":35},"2":{"name":"(anonymous_2)","decl":{"start":{"line":62,"column":6},"end":{"line":62,"column":7}},"loc":{"start":{"line":62,"column":18},"end":{"line":62,"column":null}},"line":62},"3":{"name":"(anonymous_3)","decl":{"start":{"line":66,"column":6},"end":{"line":66,"column":7}},"loc":{"start":{"line":66,"column":18},"end":{"line":66,"column":null}},"line":66},"4":{"name":"(anonymous_4)","decl":{"start":{"line":73,"column":6},"end":{"line":73,"column":7}},"loc":{"start":{"line":73,"column":17},"end":{"line":99,"column":null}},"line":73},"5":{"name":"(anonymous_5)","decl":{"start":{"line":103,"column":6},"end":{"line":103,"column":7}},"loc":{"start":{"line":103,"column":20},"end":{"line":103,"column":null}},"line":103}},"branchMap":{"0":{"loc":{"start":{"line":50,"column":20},"end":{"line":52,"column":null}},"type":"cond-expr","locations":[{"start":{"line":51,"column":10},"end":{"line":51,"column":null}},{"start":{"line":52,"column":10},"end":{"line":52,"column":null}}],"line":50},"1":{"loc":{"start":{"line":54,"column":6},"end":{"line":58,"column":null}},"type":"if","locations":[{"start":{"line":54,"column":6},"end":{"line":58,"column":null}},{"start":{"line":56,"column":13},"end":{"line":58,"column":null}}],"line":54},"2":{"loc":{"start":{"line":77,"column":32},"end":{"line":79,"column":null}},"type":"cond-expr","locations":[{"start":{"line":78,"column":12},"end":{"line":78,"column":null}},{"start":{"line":79,"column":12},"end":{"line":79,"column":null}}],"line":77},"3":{"loc":{"start":{"line":80,"column":32},"end":{"line":82,"column":null}},"type":"cond-expr","locations":[{"start":{"line":81,"column":12},"end":{"line":81,"column":null}},{"start":{"line":82,"column":12},"end":{"line":82,"column":null}}],"line":80},"4":{"loc":{"start":{"line":89,"column":27},"end":{"line":93,"column":null}},"type":"cond-expr","locations":[{"start":{"line":90,"column":14},"end":{"line":90,"column":null}},{"start":{"line":91,"column":14},"end":{"line":93,"column":null}}],"line":89},"5":{"loc":{"start":{"line":94,"column":25},"end":{"line":97,"column":null}},"type":"cond-expr","locations":[{"start":{"line":95,"column":14},"end":{"line":95,"column":null}},{"start":{"line":96,"column":14},"end":{"line":97,"column":null}}],"line":94}},"s":{"0":5,"1":13,"2":13,"3":13,"4":13,"5":13,"6":13,"7":13,"8":13,"9":13,"10":13,"11":13,"12":52,"13":13,"14":13,"15":84,"16":13,"17":13,"18":16,"19":16,"20":16,"21":11,"22":5,"23":13,"24":39,"25":13,"26":39,"27":13,"28":13,"29":13,"30":52,"31":52,"32":52,"33":52,"34":52,"35":52,"36":13,"37":16,"38":13},"f":{"0":13,"1":5,"2":39,"3":39,"4":52,"5":16},"b":{"0":[11,5],"1":[11,5],"2":[13,39],"3":[13,39],"4":[26,26],"5":[32,20]},"meta":{"lastBranch":6,"lastFunction":6,"lastStatement":39,"seen":{"s:7:40:11:Infinity":0,"f:23:10:23:Infinity":0,"s:24:13:24:Infinity":1,"s:25:13:25:Infinity":2,"s:26:13:26:Infinity":3,"s:27:13:27:Infinity":4,"s:28:13:28:Infinity":5,"s:29:13:29:Infinity":6,"s:30:13:30:Infinity":7,"s:31:13:31:Infinity":8,"s:32:13:32:Infinity":9,"f:35:9:35:17":1,"s:36:26:36:Infinity":10,"s:38:4:40:Infinity":11,"s:39:6:39:Infinity":12,"s:42:29:42:Infinity":13,"s:43:4:45:Infinity":14,"s:44:6:44:Infinity":15,"s:47:24:47:Infinity":16,"s:49:4:59:Infinity":17,"s:50:20:52:Infinity":18,"b:51:10:51:Infinity:52:10:52:Infinity":0,"s:53:24:53:Infinity":19,"b:54:6:58:Infinity:56:13:58:Infinity":1,"s:54:6:58:Infinity":20,"s:55:8:55:Infinity":21,"s:57:8:57:Infinity":22,"s:61:33:64:Infinity":23,"f:62:6:62:7":2,"s:62:18:62:Infinity":24,"s:65:31:68:Infinity":25,"f:66:6:66:7":3,"s:66:18:66:Infinity":26,"s:69:32:69:Infinity":27,"s:70:30:70:Infinity":28,"s:72:35:100:Infinity":29,"f:73:6:73:7":4,"s:74:25:74:Infinity":30,"s:75:23:75:Infinity":31,"s:76:25:76:Infinity":32,"s:77:32:79:Infinity":33,"b:78:12:78:Infinity:79:12:79:Infinity":2,"s:80:32:82:Infinity":34,"b:81:12:81:Infinity:82:12:82:Infinity":3,"s:84:8:98:Infinity":35,"b:90:14:90:Infinity:91:14:93:Infinity":4,"b:95:14:95:Infinity:96:14:97:Infinity":5,"s:102:16:105:Infinity":36,"f:103:6:103:7":5,"s:103:20:103:Infinity":37,"s:107:4:117:Infinity":38}}}
,"/Users/justin.rabiller/Documents/www/tally/src/domain/error/index.ts": {"path":"/Users/justin.rabiller/Documents/www/tally/src/domain/error/index.ts","statementMap":{"0":{"start":{"line":3,"column":4},"end":{"line":3,"column":null}},"1":{"start":{"line":4,"column":4},"end":{"line":4,"column":null}},"2":{"start":{"line":10,"column":4},"end":{"line":10,"column":null}},"3":{"start":{"line":16,"column":4},"end":{"line":16,"column":null}},"4":{"start":{"line":22,"column":4},"end":{"line":22,"column":null}},"5":{"start":{"line":28,"column":4},"end":{"line":28,"column":null}}},"fnMap":{"0":{"name":"(anonymous_0)","decl":{"start":{"line":2,"column":2},"end":{"line":2,"column":14}},"loc":{"start":{"line":2,"column":31},"end":{"line":5,"column":null}},"line":2},"1":{"name":"(anonymous_1)","decl":{"start":{"line":9,"column":2},"end":{"line":9,"column":14}},"loc":{"start":{"line":9,"column":29},"end":{"line":11,"column":null}},"line":9},"2":{"name":"(anonymous_2)","decl":{"start":{"line":15,"column":2},"end":{"line":15,"column":14}},"loc":{"start":{"line":15,"column":29},"end":{"line":17,"column":null}},"line":15},"3":{"name":"(anonymous_3)","decl":{"start":{"line":21,"column":2},"end":{"line":21,"column":14}},"loc":{"start":{"line":21,"column":32},"end":{"line":23,"column":null}},"line":21},"4":{"name":"(anonymous_4)","decl":{"start":{"line":27,"column":2},"end":{"line":27,"column":14}},"loc":{"start":{"line":27,"column":30},"end":{"line":29,"column":null}},"line":27}},"branchMap":{},"s":{"0":16,"1":16,"2":7,"3":2,"4":2,"5":5},"f":{"0":16,"1":7,"2":2,"3":2,"4":5},"b":{},"meta":{"lastBranch":0,"lastFunction":5,"lastStatement":6,"seen":{"f:2:2:2:14":0,"s:3:4:3:Infinity":0,"s:4:4:4:Infinity":1,"f:9:2:9:14":1,"s:10:4:10:Infinity":2,"f:15:2:15:14":2,"s:16:4:16:Infinity":3,"f:21:2:21:14":3,"s:22:4:22:Infinity":4,"f:27:2:27:14":4,"s:28:4:28:Infinity":5}}}
,"/Users/justin.rabiller/Documents/www/tally/src/domain/value-object/category-group.ts": {"path":"/Users/justin.rabiller/Documents/www/tally/src/domain/value-object/category-group.ts","statementMap":{"0":{"start":{"line":1,"column":29},"end":{"line":6,"column":null}}},"fnMap":{},"branchMap":{},"s":{"0":16},"f":{},"b":{},"meta":{"lastBranch":0,"lastFunction":0,"lastStatement":1,"seen":{"s:1:29:6:Infinity":0}}}
,"/Users/justin.rabiller/Documents/www/tally/src/domain/value-object/money.ts": {"path":"/Users/justin.rabiller/Documents/www/tally/src/domain/value-object/money.ts","statementMap":{"0":{"start":{"line":2,"column":31},"end":{"line":2,"column":46}},"1":{"start":{"line":5,"column":4},"end":{"line":7,"column":null}},"2":{"start":{"line":6,"column":6},"end":{"line":6,"column":null}},"3":{"start":{"line":8,"column":4},"end":{"line":8,"column":null}},"4":{"start":{"line":12,"column":4},"end":{"line":12,"column":null}},"5":{"start":{"line":16,"column":4},"end":{"line":16,"column":null}},"6":{"start":{"line":20,"column":4},"end":{"line":20,"column":null}},"7":{"start":{"line":24,"column":4},"end":{"line":24,"column":null}},"8":{"start":{"line":28,"column":4},"end":{"line":28,"column":null}},"9":{"start":{"line":32,"column":4},"end":{"line":32,"column":null}},"10":{"start":{"line":36,"column":4},"end":{"line":36,"column":null}},"11":{"start":{"line":40,"column":4},"end":{"line":40,"column":null}},"12":{"start":{"line":44,"column":4},"end":{"line":44,"column":null}},"13":{"start":{"line":48,"column":18},"end":{"line":48,"column":null}},"14":{"start":{"line":49,"column":17},"end":{"line":49,"column":null}},"15":{"start":{"line":50,"column":4},"end":{"line":50,"column":null}},"16":{"start":{"line":54,"column":4},"end":{"line":54,"column":null}}},"fnMap":{"0":{"name":"(anonymous_0)","decl":{"start":{"line":2,"column":10},"end":{"line":2,"column":31}},"loc":{"start":{"line":2,"column":46},"end":{"line":2,"column":null}},"line":2},"1":{"name":"(anonymous_1)","decl":{"start":{"line":4,"column":9},"end":{"line":4,"column":19}},"loc":{"start":{"line":4,"column":41},"end":{"line":9,"column":null}},"line":4},"2":{"name":"(anonymous_2)","decl":{"start":{"line":11,"column":9},"end":{"line":11,"column":19}},"loc":{"start":{"line":11,"column":41},"end":{"line":13,"column":null}},"line":11},"3":{"name":"(anonymous_3)","decl":{"start":{"line":15,"column":9},"end":{"line":15,"column":23}},"loc":{"start":{"line":15,"column":23},"end":{"line":17,"column":null}},"line":15},"4":{"name":"(anonymous_4)","decl":{"start":{"line":19,"column":2},"end":{"line":19,"column":6}},"loc":{"start":{"line":19,"column":27},"end":{"line":21,"column":null}},"line":19},"5":{"name":"(anonymous_5)","decl":{"start":{"line":23,"column":2},"end":{"line":23,"column":11}},"loc":{"start":{"line":23,"column":32},"end":{"line":25,"column":null}},"line":23},"6":{"name":"(anonymous_6)","decl":{"start":{"line":27,"column":2},"end":{"line":27,"column":18}},"loc":{"start":{"line":27,"column":18},"end":{"line":29,"column":null}},"line":27},"7":{"name":"(anonymous_7)","decl":{"start":{"line":31,"column":2},"end":{"line":31,"column":20}},"loc":{"start":{"line":31,"column":20},"end":{"line":33,"column":null}},"line":31},"8":{"name":"(anonymous_8)","decl":{"start":{"line":35,"column":2},"end":{"line":35,"column":24}},"loc":{"start":{"line":35,"column":24},"end":{"line":37,"column":null}},"line":35},"9":{"name":"(anonymous_9)","decl":{"start":{"line":39,"column":2},"end":{"line":39,"column":24}},"loc":{"start":{"line":39,"column":24},"end":{"line":41,"column":null}},"line":39},"10":{"name":"(anonymous_10)","decl":{"start":{"line":43,"column":2},"end":{"line":43,"column":20}},"loc":{"start":{"line":43,"column":20},"end":{"line":45,"column":null}},"line":43},"11":{"name":"(anonymous_11)","decl":{"start":{"line":47,"column":2},"end":{"line":47,"column":19}},"loc":{"start":{"line":47,"column":19},"end":{"line":51,"column":null}},"line":47},"12":{"name":"(anonymous_12)","decl":{"start":{"line":53,"column":2},"end":{"line":53,"column":9}},"loc":{"start":{"line":53,"column":32},"end":{"line":55,"column":null}},"line":53}},"branchMap":{"0":{"loc":{"start":{"line":5,"column":4},"end":{"line":7,"column":null}},"type":"if","locations":[{"start":{"line":5,"column":4},"end":{"line":7,"column":null}},{"start":{},"end":{}}],"line":5},"1":{"loc":{"start":{"line":49,"column":17},"end":{"line":49,"column":null}},"type":"cond-expr","locations":[{"start":{"line":49,"column":34},"end":{"line":49,"column":40}},{"start":{"line":49,"column":40},"end":{"line":49,"column":null}}],"line":49}},"s":{"0":960,"1":202,"2":1,"3":201,"4":90,"5":383,"6":322,"7":53,"8":1,"9":105,"10":1,"11":8,"12":23,"13":10,"14":10,"15":10,"16":2},"f":{"0":960,"1":15,"2":15,"3":15,"4":322,"5":53,"6":1,"7":105,"8":1,"9":8,"10":23,"11":10,"12":2},"b":{"0":[1,201],"1":[7,3]},"meta":{"lastBranch":2,"lastFunction":13,"lastStatement":17,"seen":{"f:2:10:2:31":0,"s:2:31:2:46":0,"f:4:9:4:19":1,"b:5:4:7:Infinity:undefined:undefined:undefined:undefined":0,"s:5:4:7:Infinity":1,"s:6:6:6:Infinity":2,"s:8:4:8:Infinity":3,"f:11:9:11:19":2,"s:12:4:12:Infinity":4,"f:15:9:15:23":3,"s:16:4:16:Infinity":5,"f:19:2:19:6":4,"s:20:4:20:Infinity":6,"f:23:2:23:11":5,"s:24:4:24:Infinity":7,"f:27:2:27:18":6,"s:28:4:28:Infinity":8,"f:31:2:31:20":7,"s:32:4:32:Infinity":9,"f:35:2:35:24":8,"s:36:4:36:Infinity":10,"f:39:2:39:24":9,"s:40:4:40:Infinity":11,"f:43:2:43:20":10,"s:44:4:44:Infinity":12,"f:47:2:47:19":11,"s:48:18:48:Infinity":13,"s:49:17:49:Infinity":14,"b:49:34:49:40:49:40:49:Infinity":1,"s:50:4:50:Infinity":15,"f:53:2:53:9":12,"s:54:4:54:Infinity":16}}}
,"/Users/justin.rabiller/Documents/www/tally/src/domain/value-object/month.ts": {"path":"/Users/justin.rabiller/Documents/www/tally/src/domain/value-object/month.ts","statementMap":{"0":{"start":{"line":3,"column":20},"end":{"line":3,"column":null}},"1":{"start":{"line":6,"column":31},"end":{"line":6,"column":46}},"2":{"start":{"line":9,"column":4},"end":{"line":11,"column":null}},"3":{"start":{"line":10,"column":6},"end":{"line":10,"column":null}},"4":{"start":{"line":12,"column":4},"end":{"line":12,"column":null}},"5":{"start":{"line":16,"column":4},"end":{"line":16,"column":null}},"6":{"start":{"line":20,"column":4},"end":{"line":20,"column":null}},"7":{"start":{"line":24,"column":4},"end":{"line":24,"column":null}},"8":{"start":{"line":28,"column":4},"end":{"line":28,"column":null}}},"fnMap":{"0":{"name":"(anonymous_0)","decl":{"start":{"line":6,"column":10},"end":{"line":6,"column":31}},"loc":{"start":{"line":6,"column":46},"end":{"line":6,"column":null}},"line":6},"1":{"name":"(anonymous_1)","decl":{"start":{"line":8,"column":9},"end":{"line":8,"column":14}},"loc":{"start":{"line":8,"column":36},"end":{"line":13,"column":null}},"line":8},"2":{"name":"(anonymous_2)","decl":{"start":{"line":15,"column":6},"end":{"line":15,"column":21}},"loc":{"start":{"line":15,"column":21},"end":{"line":17,"column":null}},"line":15},"3":{"name":"(anonymous_3)","decl":{"start":{"line":19,"column":6},"end":{"line":19,"column":22}},"loc":{"start":{"line":19,"column":22},"end":{"line":21,"column":null}},"line":19},"4":{"name":"(anonymous_4)","decl":{"start":{"line":23,"column":2},"end":{"line":23,"column":9}},"loc":{"start":{"line":23,"column":32},"end":{"line":25,"column":null}},"line":23},"5":{"name":"(anonymous_5)","decl":{"start":{"line":27,"column":2},"end":{"line":27,"column":21}},"loc":{"start":{"line":27,"column":21},"end":{"line":29,"column":null}},"line":27}},"branchMap":{"0":{"loc":{"start":{"line":9,"column":4},"end":{"line":11,"column":null}},"type":"if","locations":[{"start":{"line":9,"column":4},"end":{"line":11,"column":null}},{"start":{},"end":{}}],"line":9}},"s":{"0":11,"1":35,"2":41,"3":6,"4":35,"5":1,"6":1,"7":2,"8":1},"f":{"0":35,"1":11,"2":1,"3":1,"4":2,"5":1},"b":{"0":[6,35]},"meta":{"lastBranch":1,"lastFunction":6,"lastStatement":9,"seen":{"s:3:20:3:Infinity":0,"f:6:10:6:31":0,"s:6:31:6:46":1,"f:8:9:8:14":1,"b:9:4:11:Infinity:undefined:undefined:undefined:undefined":0,"s:9:4:11:Infinity":2,"s:10:6:10:Infinity":3,"s:12:4:12:Infinity":4,"f:15:6:15:21":2,"s:16:4:16:Infinity":5,"f:19:6:19:22":3,"s:20:4:20:Infinity":6,"f:23:2:23:9":4,"s:24:4:24:Infinity":7,"f:27:2:27:21":5,"s:28:4:28:Infinity":8}}}
,"/Users/justin.rabiller/Documents/www/tally/src/infrastructure/bank/credit-mutuel.ts": {"path":"/Users/justin.rabiller/Documents/www/tally/src/infrastructure/bank/credit-mutuel.ts","statementMap":{"0":{"start":{"line":10,"column":22},"end":{"line":10,"column":null}},"1":{"start":{"line":14,"column":10},"end":{"line":14,"column":null}},"2":{"start":{"line":15,"column":20},"end":{"line":15,"column":null}},"3":{"start":{"line":17,"column":10},"end":{"line":22,"column":null}},"4":{"start":{"line":24,"column":17},"end":{"line":24,"column":null}},"5":{"start":{"line":26,"column":4},"end":{"line":46,"column":null}},"6":{"start":{"line":28,"column":22},"end":{"line":28,"column":null}},"7":{"start":{"line":29,"column":20},"end":{"line":29,"column":null}},"8":{"start":{"line":30,"column":22},"end":{"line":30,"column":null}},"9":{"start":{"line":32,"column":28},"end":{"line":32,"column":null}},"10":{"start":{"line":33,"column":21},"end":{"line":33,"column":null}},"11":{"start":{"line":35,"column":18},"end":{"line":35,"column":null}},"12":{"start":{"line":36,"column":18},"end":{"line":36,"column":null}},"13":{"start":{"line":37,"column":6},"end":{"line":37,"column":null}},"14":{"start":{"line":39,"column":6},"end":{"line":45,"column":null}},"15":{"start":{"line":50,"column":4},"end":{"line":52,"column":null}},"16":{"start":{"line":51,"column":6},"end":{"line":51,"column":null}},"17":{"start":{"line":51,"column":34},"end":{"line":51,"column":null}},"18":{"start":{"line":54,"column":20},"end":{"line":54,"column":null}},"19":{"start":{"line":55,"column":4},"end":{"line":62,"column":null}},"20":{"start":{"line":56,"column":25},"end":{"line":56,"column":null}},"21":{"start":{"line":57,"column":20},"end":{"line":60,"column":null}},"22":{"start":{"line":59,"column":10},"end":{"line":59,"column":null}},"23":{"start":{"line":61,"column":6},"end":{"line":61,"column":null}},"24":{"start":{"line":61,"column":17},"end":{"line":61,"column":null}},"25":{"start":{"line":63,"column":4},"end":{"line":63,"column":null}},"26":{"start":{"line":67,"column":17},"end":{"line":67,"column":null}},"27":{"start":{"line":69,"column":4},"end":{"line":71,"column":null}},"28":{"start":{"line":70,"column":6},"end":{"line":70,"column":null}},"29":{"start":{"line":72,"column":4},"end":{"line":72,"column":null}}},"fnMap":{"0":{"name":"(anonymous_0)","decl":{"start":{"line":12,"column":2},"end":{"line":12,"column":8}},"loc":{"start":{"line":12,"column":41},"end":{"line":47,"column":null}},"line":12},"1":{"name":"(anonymous_1)","decl":{"start":{"line":26,"column":23},"end":{"line":26,"column":24}},"loc":{"start":{"line":26,"column":32},"end":{"line":46,"column":5}},"line":26},"2":{"name":"(anonymous_2)","decl":{"start":{"line":49,"column":10},"end":{"line":49,"column":21}},"loc":{"start":{"line":49,"column":80},"end":{"line":64,"column":null}},"line":49},"3":{"name":"(anonymous_3)","decl":{"start":{"line":58,"column":8},"end":{"line":58,"column":9}},"loc":{"start":{"line":59,"column":10},"end":{"line":59,"column":null}},"line":59},"4":{"name":"(anonymous_4)","decl":{"start":{"line":66,"column":10},"end":{"line":66,"column":17}},"loc":{"start":{"line":66,"column":41},"end":{"line":73,"column":null}},"line":66}},"branchMap":{"0":{"loc":{"start":{"line":36,"column":18},"end":{"line":36,"column":null}},"type":"binary-expr","locations":[{"start":{"line":36,"column":18},"end":{"line":36,"column":35}},{"start":{"line":36,"column":35},"end":{"line":36,"column":null}}],"line":36},"1":{"loc":{"start":{"line":51,"column":6},"end":{"line":51,"column":null}},"type":"if","locations":[{"start":{"line":51,"column":6},"end":{"line":51,"column":null}},{"start":{},"end":{}}],"line":51},"2":{"loc":{"start":{"line":61,"column":6},"end":{"line":61,"column":null}},"type":"if","locations":[{"start":{"line":61,"column":6},"end":{"line":61,"column":null}},{"start":{},"end":{}}],"line":61},"3":{"loc":{"start":{"line":69,"column":4},"end":{"line":71,"column":null}},"type":"if","locations":[{"start":{"line":69,"column":4},"end":{"line":71,"column":null}},{"start":{},"end":{}}],"line":69}},"s":{"0":4,"1":12,"2":12,"3":12,"4":12,"5":12,"6":39,"7":39,"8":39,"9":39,"10":39,"11":39,"12":39,"13":39,"14":39,"15":78,"16":80,"17":76,"18":2,"19":2,"20":3,"21":3,"22":14,"23":3,"24":1,"25":1,"26":12,"27":12,"28":1,"29":11},"f":{"0":12,"1":39,"2":78,"3":14,"4":12},"b":{"0":[39,39],"1":[76,4],"2":[1,2],"3":[1,11]},"meta":{"lastBranch":4,"lastFunction":5,"lastStatement":30,"seen":{"s:10:22:10:Infinity":0,"f:12:2:12:8":0,"s:14:10:14:Infinity":1,"s:15:20:15:Infinity":2,"s:17:10:22:Infinity":3,"s:24:17:24:Infinity":4,"s:26:4:46:Infinity":5,"f:26:23:26:24":1,"s:28:22:28:Infinity":6,"s:29:20:29:Infinity":7,"s:30:22:30:Infinity":8,"s:32:28:32:Infinity":9,"s:33:21:33:Infinity":10,"s:35:18:35:Infinity":11,"s:36:18:36:Infinity":12,"b:36:18:36:35:36:35:36:Infinity":0,"s:37:6:37:Infinity":13,"s:39:6:45:Infinity":14,"f:49:10:49:21":2,"s:50:4:52:Infinity":15,"b:51:6:51:Infinity:undefined:undefined:undefined:undefined":1,"s:51:6:51:Infinity":16,"s:51:34:51:Infinity":17,"s:54:20:54:Infinity":18,"s:55:4:62:Infinity":19,"s:56:25:56:Infinity":20,"s:57:20:60:Infinity":21,"f:58:8:58:9":3,"s:59:10:59:Infinity":22,"b:61:6:61:Infinity:undefined:undefined:undefined:undefined":2,"s:61:6:61:Infinity":23,"s:61:17:61:Infinity":24,"s:63:4:63:Infinity":25,"f:66:10:66:17":4,"s:67:17:67:Infinity":26,"b:69:4:71:Infinity:undefined:undefined:undefined:undefined":3,"s:69:4:71:Infinity":27,"s:70:6:70:Infinity":28,"s:72:4:72:Infinity":29}}}
,"/Users/justin.rabiller/Documents/www/tally/src/infrastructure/bank/csv-helpers.ts": {"path":"/Users/justin.rabiller/Documents/www/tally/src/infrastructure/bank/csv-helpers.ts","statementMap":{"0":{"start":{"line":7,"column":16},"end":{"line":7,"column":null}},"1":{"start":{"line":8,"column":2},"end":{"line":10,"column":null}},"2":{"start":{"line":9,"column":4},"end":{"line":9,"column":null}},"3":{"start":{"line":11,"column":29},"end":{"line":11,"column":null}},"4":{"start":{"line":12,"column":12},"end":{"line":12,"column":null}},"5":{"start":{"line":13,"column":12},"end":{"line":13,"column":null}},"6":{"start":{"line":14,"column":12},"end":{"line":14,"column":null}},"7":{"start":{"line":15,"column":2},"end":{"line":17,"column":null}},"8":{"start":{"line":16,"column":4},"end":{"line":16,"column":null}},"9":{"start":{"line":18,"column":2},"end":{"line":21,"column":null}},"10":{"start":{"line":25,"column":18},"end":{"line":25,"column":null}},"11":{"start":{"line":26,"column":16},"end":{"line":26,"column":null}},"12":{"start":{"line":27,"column":2},"end":{"line":29,"column":null}},"13":{"start":{"line":28,"column":4},"end":{"line":28,"column":null}},"14":{"start":{"line":30,"column":2},"end":{"line":30,"column":null}}},"fnMap":{"0":{"name":"parseFrenchDate","decl":{"start":{"line":3,"column":16},"end":{"line":3,"column":32}},"loc":{"start":{"line":6,"column":2},"end":{"line":22,"column":null}},"line":6},"1":{"name":"parseEuroAmount","decl":{"start":{"line":24,"column":16},"end":{"line":24,"column":32}},"loc":{"start":{"line":24,"column":53},"end":{"line":31,"column":null}},"line":24}},"branchMap":{"0":{"loc":{"start":{"line":8,"column":2},"end":{"line":10,"column":null}},"type":"if","locations":[{"start":{"line":8,"column":2},"end":{"line":10,"column":null}},{"start":{},"end":{}}],"line":8},"1":{"loc":{"start":{"line":15,"column":2},"end":{"line":17,"column":null}},"type":"if","locations":[{"start":{"line":15,"column":2},"end":{"line":17,"column":null}},{"start":{},"end":{}}],"line":15},"2":{"loc":{"start":{"line":15,"column":6},"end":{"line":15,"column":40}},"type":"binary-expr","locations":[{"start":{"line":15,"column":6},"end":{"line":15,"column":18}},{"start":{"line":15,"column":18},"end":{"line":15,"column":30}},{"start":{"line":15,"column":30},"end":{"line":15,"column":40}}],"line":15},"3":{"loc":{"start":{"line":27,"column":2},"end":{"line":29,"column":null}},"type":"if","locations":[{"start":{"line":27,"column":2},"end":{"line":29,"column":null}},{"start":{},"end":{}}],"line":27}},"s":{"0":42,"1":42,"2":1,"3":41,"4":41,"5":41,"6":41,"7":41,"8":1,"9":40,"10":44,"11":44,"12":44,"13":2,"14":42},"f":{"0":42,"1":44},"b":{"0":[1,41],"1":[1,40],"2":[41,40,40],"3":[2,42]},"meta":{"lastBranch":4,"lastFunction":2,"lastStatement":15,"seen":{"f:3:16:3:32":0,"s:7:16:7:Infinity":0,"b:8:2:10:Infinity:undefined:undefined:undefined:undefined":0,"s:8:2:10:Infinity":1,"s:9:4:9:Infinity":2,"s:11:29:11:Infinity":3,"s:12:12:12:Infinity":4,"s:13:12:13:Infinity":5,"s:14:12:14:Infinity":6,"b:15:2:17:Infinity:undefined:undefined:undefined:undefined":1,"s:15:2:17:Infinity":7,"b:15:6:15:18:15:18:15:30:15:30:15:40":2,"s:16:4:16:Infinity":8,"s:18:2:21:Infinity":9,"f:24:16:24:32":1,"s:25:18:25:Infinity":10,"s:26:16:26:Infinity":11,"b:27:2:29:Infinity:undefined:undefined:undefined:undefined":3,"s:27:2:29:Infinity":12,"s:28:4:28:Infinity":13,"s:30:2:30:Infinity":14}}}
,"/Users/justin.rabiller/Documents/www/tally/src/infrastructure/bank/transaction-id.ts": {"path":"/Users/justin.rabiller/Documents/www/tally/src/infrastructure/bank/transaction-id.ts","statementMap":{"0":{"start":{"line":10,"column":16},"end":{"line":10,"column":null}},"1":{"start":{"line":11,"column":2},"end":{"line":11,"column":null}}},"fnMap":{"0":{"name":"deterministicTransactionId","decl":{"start":{"line":3,"column":16},"end":{"line":3,"column":null}},"loc":{"start":{"line":9,"column":10},"end":{"line":12,"column":null}},"line":9}},"branchMap":{},"s":{"0":39,"1":39},"f":{"0":39},"b":{},"meta":{"lastBranch":0,"lastFunction":1,"lastStatement":2,"seen":{"f:3:16:3:Infinity":0,"s:10:16:10:Infinity":0,"s:11:2:11:Infinity":1}}}
,"/Users/justin.rabiller/Documents/www/tally/src/infrastructure/persistence/data-dir.ts": {"path":"/Users/justin.rabiller/Documents/www/tally/src/infrastructure/persistence/data-dir.ts","statementMap":{"0":{"start":{"line":4,"column":13},"end":{"line":4,"column":null}},"1":{"start":{"line":5,"column":13},"end":{"line":5,"column":null}}},"fnMap":{},"branchMap":{},"s":{"0":1,"1":1},"f":{},"b":{},"meta":{"lastBranch":0,"lastFunction":0,"lastStatement":2,"seen":{"s:4:13:4:Infinity":0,"s:5:13:5:Infinity":1}}}
,"/Users/justin.rabiller/Documents/www/tally/src/infrastructure/persistence/sqlite-repository.ts": {"path":"/Users/justin.rabiller/Documents/www/tally/src/infrastructure/persistence/sqlite-repository.ts","statementMap":{"0":{"start":{"line":12,"column":2},"end":{"line":41,"column":null}},"1":{"start":{"line":43,"column":17},"end":{"line":45,"column":null}},"2":{"start":{"line":46,"column":2},"end":{"line":48,"column":null}},"3":{"start":{"line":47,"column":4},"end":{"line":47,"column":null}},"4":{"start":{"line":52,"column":22},"end":{"line":52,"column":45}},"5":{"start":{"line":55,"column":15},"end":{"line":77,"column":null}},"6":{"start":{"line":56,"column":24},"end":{"line":58,"column":null}},"7":{"start":{"line":59,"column":6},"end":{"line":61,"column":null}},"8":{"start":{"line":60,"column":8},"end":{"line":60,"column":null}},"9":{"start":{"line":63,"column":6},"end":{"line":65,"column":null}},"10":{"start":{"line":67,"column":6},"end":{"line":69,"column":null}},"11":{"start":{"line":71,"column":25},"end":{"line":73,"column":null}},"12":{"start":{"line":74,"column":6},"end":{"line":76,"column":null}},"13":{"start":{"line":75,"column":8},"end":{"line":75,"column":null}},"14":{"start":{"line":78,"column":4},"end":{"line":78,"column":null}},"15":{"start":{"line":82,"column":16},"end":{"line":84,"column":null}},"16":{"start":{"line":86,"column":4},"end":{"line":86,"column":null}},"17":{"start":{"line":86,"column":14},"end":{"line":86,"column":null}},"18":{"start":{"line":88,"column":21},"end":{"line":95,"column":null}},"19":{"start":{"line":102,"column":32},"end":{"line":109,"column":null}},"20":{"start":{"line":102,"column":53},"end":{"line":109,"column":6}},"21":{"start":{"line":111,"column":4},"end":{"line":111,"column":null}},"22":{"start":{"line":115,"column":16},"end":{"line":117,"column":null}},"23":{"start":{"line":118,"column":4},"end":{"line":118,"column":null}},"24":{"start":{"line":123,"column":22},"end":{"line":123,"column":45}},"25":{"start":{"line":126,"column":15},"end":{"line":141,"column":null}},"26":{"start":{"line":127,"column":19},"end":{"line":130,"column":null}},"27":{"start":{"line":131,"column":6},"end":{"line":140,"column":null}},"28":{"start":{"line":132,"column":8},"end":{"line":139,"column":null}},"29":{"start":{"line":142,"column":4},"end":{"line":142,"column":null}},"30":{"start":{"line":147,"column":4},"end":{"line":147,"column":null}},"31":{"start":{"line":147,"column":26},"end":{"line":147,"column":null}},"32":{"start":{"line":148,"column":25},"end":{"line":148,"column":null}},"33":{"start":{"line":148,"column":39},"end":{"line":148,"column":42}},"34":{"start":{"line":149,"column":17},"end":{"line":154,"column":null}},"35":{"start":{"line":163,"column":4},"end":{"line":170,"column":null}},"36":{"start":{"line":163,"column":28},"end":{"line":170,"column":6}},"37":{"start":{"line":174,"column":20},"end":{"line":174,"column":null}},"38":{"start":{"line":175,"column":17},"end":{"line":180,"column":null}},"39":{"start":{"line":189,"column":4},"end":{"line":196,"column":null}},"40":{"start":{"line":189,"column":28},"end":{"line":196,"column":6}},"41":{"start":{"line":205,"column":13},"end":{"line":205,"column":null}},"42":{"start":{"line":206,"column":2},"end":{"line":206,"column":null}},"43":{"start":{"line":207,"column":2},"end":{"line":207,"column":null}},"44":{"start":{"line":208,"column":2},"end":{"line":208,"column":null}},"45":{"start":{"line":209,"column":2},"end":{"line":213,"column":null}}},"fnMap":{"0":{"name":"migrate","decl":{"start":{"line":11,"column":9},"end":{"line":11,"column":17}},"loc":{"start":{"line":11,"column":46},"end":{"line":49,"column":null}},"line":11},"1":{"name":"(anonymous_1)","decl":{"start":{"line":52,"column":2},"end":{"line":52,"column":22}},"loc":{"start":{"line":52,"column":45},"end":{"line":52,"column":null}},"line":52},"2":{"name":"(anonymous_2)","decl":{"start":{"line":54,"column":2},"end":{"line":54,"column":7}},"loc":{"start":{"line":54,"column":29},"end":{"line":79,"column":null}},"line":54},"3":{"name":"(anonymous_3)","decl":{"start":{"line":55,"column":35},"end":{"line":55,"column":41}},"loc":{"start":{"line":55,"column":41},"end":{"line":77,"column":5}},"line":55},"4":{"name":"(anonymous_4)","decl":{"start":{"line":81,"column":2},"end":{"line":81,"column":14}},"loc":{"start":{"line":81,"column":43},"end":{"line":112,"column":null}},"line":81},"5":{"name":"(anonymous_5)","decl":{"start":{"line":102,"column":45},"end":{"line":102,"column":46}},"loc":{"start":{"line":102,"column":53},"end":{"line":109,"column":6}},"line":102},"6":{"name":"(anonymous_6)","decl":{"start":{"line":114,"column":2},"end":{"line":114,"column":9}},"loc":{"start":{"line":114,"column":32},"end":{"line":119,"column":null}},"line":114},"7":{"name":"(anonymous_7)","decl":{"start":{"line":123,"column":2},"end":{"line":123,"column":22}},"loc":{"start":{"line":123,"column":45},"end":{"line":123,"column":null}},"line":123},"8":{"name":"(anonymous_8)","decl":{"start":{"line":125,"column":2},"end":{"line":125,"column":10}},"loc":{"start":{"line":125,"column":45},"end":{"line":143,"column":null}},"line":125},"9":{"name":"(anonymous_9)","decl":{"start":{"line":126,"column":35},"end":{"line":126,"column":41}},"loc":{"start":{"line":126,"column":41},"end":{"line":141,"column":5}},"line":126},"10":{"name":"(anonymous_10)","decl":{"start":{"line":146,"column":2},"end":{"line":146,"column":12}},"loc":{"start":{"line":146,"column":42},"end":{"line":171,"column":null}},"line":146},"11":{"name":"(anonymous_11)","decl":{"start":{"line":148,"column":33},"end":{"line":148,"column":39}},"loc":{"start":{"line":148,"column":39},"end":{"line":148,"column":42}},"line":148},"12":{"name":"(anonymous_12)","decl":{"start":{"line":163,"column":20},"end":{"line":163,"column":21}},"loc":{"start":{"line":163,"column":28},"end":{"line":170,"column":6}},"line":163},"13":{"name":"(anonymous_13)","decl":{"start":{"line":173,"column":2},"end":{"line":173,"column":14}},"loc":{"start":{"line":173,"column":43},"end":{"line":197,"column":null}},"line":173},"14":{"name":"(anonymous_14)","decl":{"start":{"line":189,"column":20},"end":{"line":189,"column":21}},"loc":{"start":{"line":189,"column":28},"end":{"line":196,"column":6}},"line":189},"15":{"name":"openDatabase","decl":{"start":{"line":200,"column":16},"end":{"line":200,"column":29}},"loc":{"start":{"line":204,"column":2},"end":{"line":214,"column":null}},"line":204}},"branchMap":{"0":{"loc":{"start":{"line":86,"column":4},"end":{"line":86,"column":null}},"type":"if","locations":[{"start":{"line":86,"column":4},"end":{"line":86,"column":null}},{"start":{},"end":{}}],"line":86},"1":{"loc":{"start":{"line":137,"column":10},"end":{"line":137,"column":null}},"type":"binary-expr","locations":[{"start":{"line":137,"column":10},"end":{"line":137,"column":26}},{"start":{"line":137,"column":26},"end":{"line":137,"column":null}}],"line":137},"2":{"loc":{"start":{"line":147,"column":4},"end":{"line":147,"column":null}},"type":"if","locations":[{"start":{"line":147,"column":4},"end":{"line":147,"column":null}},{"start":{},"end":{}}],"line":147},"3":{"loc":{"start":{"line":168,"column":18},"end":{"line":168,"column":null}},"type":"binary-expr","locations":[{"start":{"line":168,"column":18},"end":{"line":168,"column":35}},{"start":{"line":168,"column":35},"end":{"line":168,"column":null}}],"line":168},"4":{"loc":{"start":{"line":194,"column":18},"end":{"line":194,"column":null}},"type":"binary-expr","locations":[{"start":{"line":194,"column":18},"end":{"line":194,"column":35}},{"start":{"line":194,"column":35},"end":{"line":194,"column":null}}],"line":194}},"s":{"0":9,"1":9,"2":9,"3":297,"4":9,"5":4,"6":4,"7":4,"8":67,"9":4,"10":4,"11":4,"12":4,"13":67,"14":4,"15":4,"16":4,"17":1,"18":3,"19":3,"20":67,"21":3,"22":4,"23":4,"24":9,"25":4,"26":4,"27":4,"28":14,"29":4,"30":2,"31":1,"32":1,"33":4,"34":1,"35":1,"36":4,"37":5,"38":5,"39":5,"40":10,"41":9,"42":9,"43":9,"44":9,"45":9},"f":{"0":9,"1":9,"2":4,"3":4,"4":4,"5":67,"6":4,"7":9,"8":4,"9":4,"10":2,"11":4,"12":4,"13":5,"14":10,"15":9},"b":{"0":[1,3],"1":[14,8],"2":[1,1],"3":[4,2],"4":[10,6]},"meta":{"lastBranch":5,"lastFunction":16,"lastStatement":46,"seen":{"f:11:9:11:17":0,"s:12:2:41:Infinity":0,"s:43:17:45:Infinity":1,"s:46:2:48:Infinity":2,"s:47:4:47:Infinity":3,"f:52:2:52:22":1,"s:52:22:52:45":4,"f:54:2:54:7":2,"s:55:15:77:Infinity":5,"f:55:35:55:41":3,"s:56:24:58:Infinity":6,"s:59:6:61:Infinity":7,"s:60:8:60:Infinity":8,"s:63:6:65:Infinity":9,"s:67:6:69:Infinity":10,"s:71:25:73:Infinity":11,"s:74:6:76:Infinity":12,"s:75:8:75:Infinity":13,"s:78:4:78:Infinity":14,"f:81:2:81:14":4,"s:82:16:84:Infinity":15,"b:86:4:86:Infinity:undefined:undefined:undefined:undefined":0,"s:86:4:86:Infinity":16,"s:86:14:86:Infinity":17,"s:88:21:95:Infinity":18,"s:102:32:109:Infinity":19,"f:102:45:102:46":5,"s:102:53:109:6":20,"s:111:4:111:Infinity":21,"f:114:2:114:9":6,"s:115:16:117:Infinity":22,"s:118:4:118:Infinity":23,"f:123:2:123:22":7,"s:123:22:123:45":24,"f:125:2:125:10":8,"s:126:15:141:Infinity":25,"f:126:35:126:41":9,"s:127:19:130:Infinity":26,"s:131:6:140:Infinity":27,"s:132:8:139:Infinity":28,"b:137:10:137:26:137:26:137:Infinity":1,"s:142:4:142:Infinity":29,"f:146:2:146:12":10,"b:147:4:147:Infinity:undefined:undefined:undefined:undefined":2,"s:147:4:147:Infinity":30,"s:147:26:147:Infinity":31,"s:148:25:148:Infinity":32,"f:148:33:148:39":11,"s:148:39:148:42":33,"s:149:17:154:Infinity":34,"s:163:4:170:Infinity":35,"f:163:20:163:21":12,"s:163:28:170:6":36,"b:168:18:168:35:168:35:168:Infinity":3,"f:173:2:173:14":13,"s:174:20:174:Infinity":37,"s:175:17:180:Infinity":38,"s:189:4:196:Infinity":39,"f:189:20:189:21":14,"s:189:28:196:6":40,"b:194:18:194:35:194:35:194:Infinity":4,"f:200:16:200:29":15,"s:205:13:205:Infinity":41,"s:206:2:206:Infinity":42,"s:207:2:207:Infinity":43,"s:208:2:208:Infinity":44,"s:209:2:213:Infinity":45}}}
,"/Users/justin.rabiller/Documents/www/tally/src/presentation/command/budget-command.ts": {"path":"/Users/justin.rabiller/Documents/www/tally/src/presentation/command/budget-command.ts","statementMap":{"0":{"start":{"line":10,"column":17},"end":{"line":10,"column":null}},"1":{"start":{"line":12,"column":2},"end":{"line":20,"column":null}},"2":{"start":{"line":17,"column":20},"end":{"line":17,"column":null}},"3":{"start":{"line":18,"column":21},"end":{"line":18,"column":null}},"4":{"start":{"line":19,"column":6},"end":{"line":19,"column":null}},"5":{"start":{"line":22,"column":2},"end":{"line":35,"column":null}},"6":{"start":{"line":27,"column":20},"end":{"line":27,"column":null}},"7":{"start":{"line":28,"column":21},"end":{"line":28,"column":null}},"8":{"start":{"line":29,"column":6},"end":{"line":33,"column":null}},"9":{"start":{"line":30,"column":8},"end":{"line":30,"column":null}},"10":{"start":{"line":31,"column":8},"end":{"line":31,"column":null}},"11":{"start":{"line":32,"column":8},"end":{"line":32,"column":null}},"12":{"start":{"line":34,"column":6},"end":{"line":34,"column":null}},"13":{"start":{"line":37,"column":2},"end":{"line":37,"column":null}}},"fnMap":{"0":{"name":"createBudgetCommand","decl":{"start":{"line":6,"column":16},"end":{"line":6,"column":null}},"loc":{"start":{"line":9,"column":11},"end":{"line":38,"column":null}},"line":9},"1":{"name":"(anonymous_1)","decl":{"start":{"line":16,"column":12},"end":{"line":16,"column":13}},"loc":{"start":{"line":16,"column":34},"end":{"line":20,"column":5}},"line":16},"2":{"name":"(anonymous_2)","decl":{"start":{"line":26,"column":12},"end":{"line":26,"column":13}},"loc":{"start":{"line":26,"column":34},"end":{"line":35,"column":5}},"line":26}},"branchMap":{"0":{"loc":{"start":{"line":29,"column":6},"end":{"line":33,"column":null}},"type":"if","locations":[{"start":{"line":29,"column":6},"end":{"line":33,"column":null}},{"start":{},"end":{}}],"line":29}},"s":{"0":3,"1":3,"2":1,"3":1,"4":1,"5":3,"6":2,"7":2,"8":2,"9":1,"10":1,"11":1,"12":1,"13":3},"f":{"0":3,"1":1,"2":2},"b":{"0":[1,1]},"meta":{"lastBranch":1,"lastFunction":3,"lastStatement":14,"seen":{"f:6:16:6:Infinity":0,"s:10:17:10:Infinity":0,"s:12:2:20:Infinity":1,"f:16:12:16:13":1,"s:17:20:17:Infinity":2,"s:18:21:18:Infinity":3,"s:19:6:19:Infinity":4,"s:22:2:35:Infinity":5,"f:26:12:26:13":2,"s:27:20:27:Infinity":6,"s:28:21:28:Infinity":7,"b:29:6:33:Infinity:undefined:undefined:undefined:undefined":0,"s:29:6:33:Infinity":8,"s:30:8:30:Infinity":9,"s:31:8:31:Infinity":10,"s:32:8:32:Infinity":11,"s:34:6:34:Infinity":12,"s:37:2:37:Infinity":13}}}
,"/Users/justin.rabiller/Documents/www/tally/src/presentation/command/db-command.ts": {"path":"/Users/justin.rabiller/Documents/www/tally/src/presentation/command/db-command.ts","statementMap":{"0":{"start":{"line":6,"column":13},"end":{"line":6,"column":null}},"1":{"start":{"line":8,"column":2},"end":{"line":17,"column":null}},"2":{"start":{"line":11,"column":6},"end":{"line":14,"column":null}},"3":{"start":{"line":12,"column":8},"end":{"line":12,"column":null}},"4":{"start":{"line":13,"column":8},"end":{"line":13,"column":null}},"5":{"start":{"line":15,"column":6},"end":{"line":15,"column":null}},"6":{"start":{"line":16,"column":6},"end":{"line":16,"column":null}},"7":{"start":{"line":19,"column":2},"end":{"line":23,"column":null}},"8":{"start":{"line":22,"column":6},"end":{"line":22,"column":null}},"9":{"start":{"line":25,"column":2},"end":{"line":25,"column":null}}},"fnMap":{"0":{"name":"createDbCommand","decl":{"start":{"line":5,"column":16},"end":{"line":5,"column":43}},"loc":{"start":{"line":5,"column":43},"end":{"line":26,"column":null}},"line":5},"1":{"name":"(anonymous_1)","decl":{"start":{"line":10,"column":12},"end":{"line":10,"column":18}},"loc":{"start":{"line":10,"column":18},"end":{"line":17,"column":5}},"line":10},"2":{"name":"(anonymous_2)","decl":{"start":{"line":21,"column":12},"end":{"line":21,"column":18}},"loc":{"start":{"line":21,"column":18},"end":{"line":23,"column":5}},"line":21}},"branchMap":{"0":{"loc":{"start":{"line":11,"column":6},"end":{"line":14,"column":null}},"type":"if","locations":[{"start":{"line":11,"column":6},"end":{"line":14,"column":null}},{"start":{},"end":{}}],"line":11}},"s":{"0":3,"1":3,"2":2,"3":1,"4":1,"5":1,"6":1,"7":3,"8":1,"9":3},"f":{"0":3,"1":2,"2":1},"b":{"0":[1,1]},"meta":{"lastBranch":1,"lastFunction":3,"lastStatement":10,"seen":{"f:5:16:5:43":0,"s:6:13:6:Infinity":0,"s:8:2:17:Infinity":1,"f:10:12:10:18":1,"b:11:6:14:Infinity:undefined:undefined:undefined:undefined":0,"s:11:6:14:Infinity":2,"s:12:8:12:Infinity":3,"s:13:8:13:Infinity":4,"s:15:6:15:Infinity":5,"s:16:6:16:Infinity":6,"s:19:2:23:Infinity":7,"f:21:12:21:18":2,"s:22:6:22:Infinity":8,"s:25:2:25:Infinity":9}}}
,"/Users/justin.rabiller/Documents/www/tally/src/presentation/command/import-command.ts": {"path":"/Users/justin.rabiller/Documents/www/tally/src/presentation/command/import-command.ts","statementMap":{"0":{"start":{"line":10,"column":14},"end":{"line":10,"column":null}},"1":{"start":{"line":12,"column":2},"end":{"line":18,"column":null}},"2":{"start":{"line":16,"column":20},"end":{"line":16,"column":null}},"3":{"start":{"line":17,"column":6},"end":{"line":17,"column":null}},"4":{"start":{"line":20,"column":2},"end":{"line":52,"column":null}},"5":{"start":{"line":25,"column":6},"end":{"line":25,"column":null}},"6":{"start":{"line":25,"column":26},"end":{"line":25,"column":null}},"7":{"start":{"line":27,"column":21},"end":{"line":27,"column":null}},"8":{"start":{"line":29,"column":6},"end":{"line":33,"column":null}},"9":{"start":{"line":30,"column":23},"end":{"line":30,"column":null}},"10":{"start":{"line":31,"column":8},"end":{"line":31,"column":null}},"11":{"start":{"line":32,"column":8},"end":{"line":32,"column":null}},"12":{"start":{"line":36,"column":8},"end":{"line":36,"column":null}},"13":{"start":{"line":38,"column":6},"end":{"line":40,"column":null}},"14":{"start":{"line":39,"column":8},"end":{"line":39,"column":null}},"15":{"start":{"line":42,"column":43},"end":{"line":42,"column":null}},"16":{"start":{"line":44,"column":21},"end":{"line":44,"column":null}},"17":{"start":{"line":45,"column":21},"end":{"line":45,"column":null}},"18":{"start":{"line":47,"column":6},"end":{"line":51,"column":null}},"19":{"start":{"line":48,"column":8},"end":{"line":48,"column":null}},"20":{"start":{"line":50,"column":8},"end":{"line":50,"column":null}},"21":{"start":{"line":54,"column":2},"end":{"line":54,"column":null}}},"fnMap":{"0":{"name":"createImportCommand","decl":{"start":{"line":6,"column":16},"end":{"line":6,"column":null}},"loc":{"start":{"line":9,"column":11},"end":{"line":55,"column":null}},"line":9},"1":{"name":"(anonymous_1)","decl":{"start":{"line":15,"column":12},"end":{"line":15,"column":18}},"loc":{"start":{"line":15,"column":18},"end":{"line":18,"column":5}},"line":15},"2":{"name":"(anonymous_2)","decl":{"start":{"line":24,"column":12},"end":{"line":24,"column":19}},"loc":{"start":{"line":24,"column":84},"end":{"line":52,"column":5}},"line":24}},"branchMap":{"0":{"loc":{"start":{"line":25,"column":6},"end":{"line":25,"column":null}},"type":"if","locations":[{"start":{"line":25,"column":6},"end":{"line":25,"column":null}},{"start":{},"end":{}}],"line":25},"1":{"loc":{"start":{"line":25,"column":10},"end":{"line":25,"column":26}},"type":"binary-expr","locations":[{"start":{"line":25,"column":10},"end":{"line":25,"column":19}},{"start":{"line":25,"column":19},"end":{"line":25,"column":26}}],"line":25},"2":{"loc":{"start":{"line":29,"column":6},"end":{"line":33,"column":null}},"type":"if","locations":[{"start":{"line":29,"column":6},"end":{"line":33,"column":null}},{"start":{},"end":{}}],"line":29},"3":{"loc":{"start":{"line":29,"column":10},"end":{"line":29,"column":63}},"type":"binary-expr","locations":[{"start":{"line":29,"column":10},"end":{"line":29,"column":40}},{"start":{"line":29,"column":40},"end":{"line":29,"column":63}}],"line":29},"4":{"loc":{"start":{"line":38,"column":6},"end":{"line":40,"column":null}},"type":"if","locations":[{"start":{"line":38,"column":6},"end":{"line":40,"column":null}},{"start":{},"end":{}}],"line":38},"5":{"loc":{"start":{"line":47,"column":6},"end":{"line":51,"column":null}},"type":"if","locations":[{"start":{"line":47,"column":6},"end":{"line":51,"column":null}},{"start":{"line":49,"column":13},"end":{"line":51,"column":null}}],"line":47}},"s":{"0":6,"1":6,"2":1,"3":1,"4":6,"5":5,"6":1,"7":4,"8":4,"9":1,"10":1,"11":1,"12":3,"13":3,"14":1,"15":3,"16":3,"17":3,"18":3,"19":1,"20":2,"21":6},"f":{"0":6,"1":1,"2":5},"b":{"0":[1,4],"1":[5,4],"2":[1,3],"3":[4,3],"4":[1,2],"5":[1,2]},"meta":{"lastBranch":6,"lastFunction":3,"lastStatement":22,"seen":{"f:6:16:6:Infinity":0,"s:10:14:10:Infinity":0,"s:12:2:18:Infinity":1,"f:15:12:15:18":1,"s:16:20:16:Infinity":2,"s:17:6:17:Infinity":3,"s:20:2:52:Infinity":4,"f:24:12:24:19":2,"b:25:6:25:Infinity:undefined:undefined:undefined:undefined":0,"s:25:6:25:Infinity":5,"b:25:10:25:19:25:19:25:26":1,"s:25:26:25:Infinity":6,"s:27:21:27:Infinity":7,"b:29:6:33:Infinity:undefined:undefined:undefined:undefined":2,"s:29:6:33:Infinity":8,"b:29:10:29:40:29:40:29:63":3,"s:30:23:30:Infinity":9,"s:31:8:31:Infinity":10,"s:32:8:32:Infinity":11,"s:36:8:36:Infinity":12,"b:38:6:40:Infinity:undefined:undefined:undefined:undefined":4,"s:38:6:40:Infinity":13,"s:39:8:39:Infinity":14,"s:42:43:42:Infinity":15,"s:44:21:44:Infinity":16,"s:45:21:45:Infinity":17,"b:47:6:51:Infinity:49:13:51:Infinity":5,"s:47:6:51:Infinity":18,"s:48:8:48:Infinity":19,"s:50:8:50:Infinity":20,"s:54:2:54:Infinity":21}}}
,"/Users/justin.rabiller/Documents/www/tally/src/presentation/command/report-command.ts": {"path":"/Users/justin.rabiller/Documents/www/tally/src/presentation/command/report-command.ts","statementMap":{"0":{"start":{"line":10,"column":2},"end":{"line":17,"column":null}},"1":{"start":{"line":14,"column":20},"end":{"line":14,"column":null}},"2":{"start":{"line":15,"column":21},"end":{"line":15,"column":null}},"3":{"start":{"line":16,"column":6},"end":{"line":16,"column":null}}},"fnMap":{"0":{"name":"createReportCommand","decl":{"start":{"line":6,"column":16},"end":{"line":6,"column":null}},"loc":{"start":{"line":9,"column":11},"end":{"line":18,"column":null}},"line":9},"1":{"name":"(anonymous_1)","decl":{"start":{"line":13,"column":12},"end":{"line":13,"column":13}},"loc":{"start":{"line":13,"column":34},"end":{"line":17,"column":5}},"line":13}},"branchMap":{},"s":{"0":1,"1":1,"2":1,"3":1},"f":{"0":1,"1":1},"b":{},"meta":{"lastBranch":0,"lastFunction":2,"lastStatement":4,"seen":{"f:6:16:6:Infinity":0,"s:10:2:17:Infinity":0,"f:13:12:13:13":1,"s:14:20:14:Infinity":1,"s:15:21:15:Infinity":2,"s:16:6:16:Infinity":3}}}
,"/Users/justin.rabiller/Documents/www/tally/src/presentation/command/transactions-command.ts": {"path":"/Users/justin.rabiller/Documents/www/tally/src/presentation/command/transactions-command.ts","statementMap":{"0":{"start":{"line":9,"column":2},"end":{"line":16,"column":null}},"1":{"start":{"line":23,"column":14},"end":{"line":25,"column":null}},"2":{"start":{"line":27,"column":2},"end":{"line":34,"column":null}},"3":{"start":{"line":31,"column":20},"end":{"line":31,"column":null}},"4":{"start":{"line":32,"column":27},"end":{"line":32,"column":null}},"5":{"start":{"line":33,"column":6},"end":{"line":33,"column":null}},"6":{"start":{"line":36,"column":2},"end":{"line":66,"column":null}},"7":{"start":{"line":41,"column":20},"end":{"line":41,"column":null}},"8":{"start":{"line":42,"column":27},"end":{"line":42,"column":null}},"9":{"start":{"line":43,"column":28},"end":{"line":43,"column":null}},"10":{"start":{"line":43,"column":55},"end":{"line":43,"column":68}},"11":{"start":{"line":45,"column":6},"end":{"line":48,"column":null}},"12":{"start":{"line":46,"column":8},"end":{"line":46,"column":null}},"13":{"start":{"line":47,"column":8},"end":{"line":47,"column":null}},"14":{"start":{"line":50,"column":43},"end":{"line":50,"column":null}},"15":{"start":{"line":52,"column":22},"end":{"line":52,"column":null}},"16":{"start":{"line":52,"column":48},"end":{"line":52,"column":60}},"17":{"start":{"line":53,"column":6},"end":{"line":53,"column":null}},"18":{"start":{"line":55,"column":6},"end":{"line":65,"column":null}},"19":{"start":{"line":56,"column":8},"end":{"line":56,"column":null}},"20":{"start":{"line":58,"column":8},"end":{"line":64,"column":null}},"21":{"start":{"line":68,"column":2},"end":{"line":68,"column":null}}},"fnMap":{"0":{"name":"serializeTransaction","decl":{"start":{"line":8,"column":9},"end":{"line":8,"column":30}},"loc":{"start":{"line":8,"column":48},"end":{"line":17,"column":null}},"line":8},"1":{"name":"createTransactionsCommand","decl":{"start":{"line":19,"column":16},"end":{"line":19,"column":null}},"loc":{"start":{"line":22,"column":11},"end":{"line":69,"column":null}},"line":22},"2":{"name":"(anonymous_2)","decl":{"start":{"line":30,"column":12},"end":{"line":30,"column":13}},"loc":{"start":{"line":30,"column":34},"end":{"line":34,"column":5}},"line":30},"3":{"name":"(anonymous_3)","decl":{"start":{"line":40,"column":12},"end":{"line":40,"column":19}},"loc":{"start":{"line":40,"column":40},"end":{"line":66,"column":5}},"line":40},"4":{"name":"(anonymous_4)","decl":{"start":{"line":43,"column":48},"end":{"line":43,"column":49}},"loc":{"start":{"line":43,"column":55},"end":{"line":43,"column":68}},"line":43},"5":{"name":"(anonymous_5)","decl":{"start":{"line":52,"column":41},"end":{"line":52,"column":42}},"loc":{"start":{"line":52,"column":48},"end":{"line":52,"column":60}},"line":52}},"branchMap":{"0":{"loc":{"start":{"line":14,"column":16},"end":{"line":14,"column":null}},"type":"binary-expr","locations":[{"start":{"line":14,"column":16},"end":{"line":14,"column":34}},{"start":{"line":14,"column":34},"end":{"line":14,"column":null}}],"line":14},"1":{"loc":{"start":{"line":45,"column":6},"end":{"line":48,"column":null}},"type":"if","locations":[{"start":{"line":45,"column":6},"end":{"line":48,"column":null}},{"start":{},"end":{}}],"line":45},"2":{"loc":{"start":{"line":55,"column":6},"end":{"line":65,"column":null}},"type":"if","locations":[{"start":{"line":55,"column":6},"end":{"line":65,"column":null}},{"start":{"line":57,"column":13},"end":{"line":65,"column":null}}],"line":55}},"s":{"0":1,"1":4,"2":4,"3":1,"4":1,"5":1,"6":4,"7":3,"8":3,"9":3,"10":3,"11":3,"12":1,"13":1,"14":2,"15":2,"16":1,"17":2,"18":2,"19":1,"20":1,"21":4},"f":{"0":1,"1":4,"2":1,"3":3,"4":3,"5":1},"b":{"0":[1,1],"1":[1,2],"2":[1,1]},"meta":{"lastBranch":3,"lastFunction":6,"lastStatement":22,"seen":{"f:8:9:8:30":0,"s:9:2:16:Infinity":0,"b:14:16:14:34:14:34:14:Infinity":0,"f:19:16:19:Infinity":1,"s:23:14:25:Infinity":1,"s:27:2:34:Infinity":2,"f:30:12:30:13":2,"s:31:20:31:Infinity":3,"s:32:27:32:Infinity":4,"s:33:6:33:Infinity":5,"s:36:2:66:Infinity":6,"f:40:12:40:19":3,"s:41:20:41:Infinity":7,"s:42:27:42:Infinity":8,"s:43:28:43:Infinity":9,"f:43:48:43:49":4,"s:43:55:43:68":10,"b:45:6:48:Infinity:undefined:undefined:undefined:undefined":1,"s:45:6:48:Infinity":11,"s:46:8:46:Infinity":12,"s:47:8:47:Infinity":13,"s:50:43:50:Infinity":14,"s:52:22:52:Infinity":15,"f:52:41:52:42":5,"s:52:48:52:60":16,"s:53:6:53:Infinity":17,"b:55:6:65:Infinity:57:13:65:Infinity":2,"s:55:6:65:Infinity":18,"s:56:8:56:Infinity":19,"s:58:8:64:Infinity":20,"s:68:2:68:Infinity":21}}}
,"/Users/justin.rabiller/Documents/www/tally/src/presentation/prompt/categorize-prompt.ts": {"path":"/Users/justin.rabiller/Documents/www/tally/src/presentation/prompt/categorize-prompt.ts","statementMap":{"0":{"start":{"line":7,"column":52},"end":{"line":12,"column":null}},"1":{"start":{"line":19,"column":28},"end":{"line":19,"column":null}},"2":{"start":{"line":21,"column":2},"end":{"line":26,"column":null}},"3":{"start":{"line":22,"column":4},"end":{"line":22,"column":null}},"4":{"start":{"line":23,"column":4},"end":{"line":25,"column":null}},"5":{"start":{"line":23,"column":55},"end":{"line":23,"column":72}},"6":{"start":{"line":24,"column":6},"end":{"line":24,"column":null}},"7":{"start":{"line":28,"column":2},"end":{"line":28,"column":null}},"8":{"start":{"line":29,"column":2},"end":{"line":29,"column":null}},"9":{"start":{"line":31,"column":2},"end":{"line":31,"column":null}},"10":{"start":{"line":42,"column":18},"end":{"line":42,"column":null}},"11":{"start":{"line":43,"column":32},"end":{"line":43,"column":null}},"12":{"start":{"line":45,"column":2},"end":{"line":68,"column":null}},"13":{"start":{"line":46,"column":4},"end":{"line":62,"column":null}},"14":{"start":{"line":46,"column":17},"end":{"line":46,"column":20}},"15":{"start":{"line":47,"column":18},"end":{"line":47,"column":null}},"16":{"start":{"line":48,"column":19},"end":{"line":48,"column":null}},"17":{"start":{"line":49,"column":21},"end":{"line":49,"column":null}},"18":{"start":{"line":51,"column":21},"end":{"line":55,"column":null}},"19":{"start":{"line":57,"column":6},"end":{"line":61,"column":null}},"20":{"start":{"line":58,"column":8},"end":{"line":58,"column":null}},"21":{"start":{"line":60,"column":8},"end":{"line":60,"column":null}},"22":{"start":{"line":64,"column":4},"end":{"line":66,"column":null}},"23":{"start":{"line":65,"column":6},"end":{"line":65,"column":null}},"24":{"start":{"line":67,"column":4},"end":{"line":67,"column":null}},"25":{"start":{"line":70,"column":2},"end":{"line":70,"column":null}}},"fnMap":{"0":{"name":"buildCategoryChoices","decl":{"start":{"line":18,"column":16},"end":{"line":18,"column":49}},"loc":{"start":{"line":18,"column":49},"end":{"line":32,"column":null}},"line":18},"1":{"name":"(anonymous_1)","decl":{"start":{"line":23,"column":48},"end":{"line":23,"column":49}},"loc":{"start":{"line":23,"column":55},"end":{"line":23,"column":72}},"line":23},"2":{"name":"categorizePrompt","decl":{"start":{"line":39,"column":22},"end":{"line":39,"column":null}},"loc":{"start":{"line":41,"column":29},"end":{"line":71,"column":null}},"line":41}},"branchMap":{"0":{"loc":{"start":{"line":48,"column":19},"end":{"line":48,"column":null}},"type":"cond-expr","locations":[{"start":{"line":48,"column":45},"end":{"line":48,"column":50}},{"start":{"line":48,"column":50},"end":{"line":48,"column":null}}],"line":48},"1":{"loc":{"start":{"line":57,"column":6},"end":{"line":61,"column":null}},"type":"if","locations":[{"start":{"line":57,"column":6},"end":{"line":61,"column":null}},{"start":{"line":59,"column":13},"end":{"line":61,"column":null}}],"line":57},"2":{"loc":{"start":{"line":64,"column":4},"end":{"line":66,"column":null}},"type":"if","locations":[{"start":{"line":64,"column":4},"end":{"line":66,"column":null}},{"start":{},"end":{}}],"line":64}},"s":{"0":7,"1":9,"2":9,"3":36,"4":36,"5":1188,"6":297,"7":9,"8":9,"9":9,"10":6,"11":6,"12":6,"13":6,"14":6,"15":7,"16":7,"17":7,"18":7,"19":5,"20":1,"21":4,"22":2,"23":1,"24":1,"25":4},"f":{"0":9,"1":1188,"2":6},"b":{"0":[6,1],"1":[1,4],"2":[1,1]},"meta":{"lastBranch":3,"lastFunction":3,"lastStatement":26,"seen":{"s:7:52:12:Infinity":0,"f:18:16:18:49":0,"s:19:28:19:Infinity":1,"s:21:2:26:Infinity":2,"s:22:4:22:Infinity":3,"s:23:4:25:Infinity":4,"f:23:48:23:49":1,"s:23:55:23:72":5,"s:24:6:24:Infinity":6,"s:28:2:28:Infinity":7,"s:29:2:29:Infinity":8,"s:31:2:31:Infinity":9,"f:39:22:39:Infinity":2,"s:42:18:42:Infinity":10,"s:43:32:43:Infinity":11,"s:45:2:68:Infinity":12,"s:46:4:62:Infinity":13,"s:46:17:46:20":14,"s:47:18:47:Infinity":15,"s:48:19:48:Infinity":16,"b:48:45:48:50:48:50:48:Infinity":0,"s:49:21:49:Infinity":17,"s:51:21:55:Infinity":18,"b:57:6:61:Infinity:59:13:61:Infinity":1,"s:57:6:61:Infinity":19,"s:58:8:58:Infinity":20,"s:60:8:60:Infinity":21,"b:64:4:66:Infinity:undefined:undefined:undefined:undefined":2,"s:64:4:66:Infinity":22,"s:65:6:65:Infinity":23,"s:67:4:67:Infinity":24,"s:70:2:70:Infinity":25}}}
,"/Users/justin.rabiller/Documents/www/tally/src/presentation/renderer/json-renderer.ts": {"path":"/Users/justin.rabiller/Documents/www/tally/src/presentation/renderer/json-renderer.ts","statementMap":{"0":{"start":{"line":7,"column":4},"end":{"line":7,"column":null}},"1":{"start":{"line":11,"column":4},"end":{"line":13,"column":null}},"2":{"start":{"line":12,"column":6},"end":{"line":12,"column":null}},"3":{"start":{"line":14,"column":4},"end":{"line":16,"column":null}},"4":{"start":{"line":15,"column":6},"end":{"line":15,"column":null}},"5":{"start":{"line":17,"column":4},"end":{"line":17,"column":null}},"6":{"start":{"line":21,"column":4},"end":{"line":32,"column":null}},"7":{"start":{"line":23,"column":41},"end":{"line":30,"column":8}},"8":{"start":{"line":36,"column":4},"end":{"line":53,"column":null}},"9":{"start":{"line":38,"column":40},"end":{"line":45,"column":8}}},"fnMap":{"0":{"name":"(anonymous_0)","decl":{"start":{"line":6,"column":2},"end":{"line":6,"column":9}},"loc":{"start":{"line":6,"column":32},"end":{"line":8,"column":null}},"line":6},"1":{"name":"(anonymous_1)","decl":{"start":{"line":10,"column":10},"end":{"line":10,"column":20}},"loc":{"start":{"line":10,"column":44},"end":{"line":18,"column":null}},"line":10},"2":{"name":"(anonymous_2)","decl":{"start":{"line":20,"column":10},"end":{"line":20,"column":26}},"loc":{"start":{"line":20,"column":42},"end":{"line":33,"column":null}},"line":20},"3":{"name":"(anonymous_3)","decl":{"start":{"line":23,"column":30},"end":{"line":23,"column":31}},"loc":{"start":{"line":23,"column":41},"end":{"line":30,"column":8}},"line":23},"4":{"name":"(anonymous_4)","decl":{"start":{"line":35,"column":10},"end":{"line":35,"column":26}},"loc":{"start":{"line":35,"column":49},"end":{"line":54,"column":null}},"line":35},"5":{"name":"(anonymous_5)","decl":{"start":{"line":38,"column":32},"end":{"line":38,"column":33}},"loc":{"start":{"line":38,"column":40},"end":{"line":45,"column":8}},"line":38}},"branchMap":{"0":{"loc":{"start":{"line":11,"column":4},"end":{"line":13,"column":null}},"type":"if","locations":[{"start":{"line":11,"column":4},"end":{"line":13,"column":null}},{"start":{},"end":{}}],"line":11},"1":{"loc":{"start":{"line":14,"column":4},"end":{"line":16,"column":null}},"type":"if","locations":[{"start":{"line":14,"column":4},"end":{"line":16,"column":null}},{"start":{},"end":{}}],"line":14}},"s":{"0":3,"1":3,"2":1,"3":2,"4":1,"5":1,"6":1,"7":1,"8":1,"9":4},"f":{"0":3,"1":3,"2":1,"3":1,"4":1,"5":4},"b":{"0":[1,2],"1":[1,1]},"meta":{"lastBranch":2,"lastFunction":6,"lastStatement":10,"seen":{"f:6:2:6:9":0,"s:7:4:7:Infinity":0,"f:10:10:10:20":1,"b:11:4:13:Infinity:undefined:undefined:undefined:undefined":0,"s:11:4:13:Infinity":1,"s:12:6:12:Infinity":2,"b:14:4:16:Infinity:undefined:undefined:undefined:undefined":1,"s:14:4:16:Infinity":3,"s:15:6:15:Infinity":4,"s:17:4:17:Infinity":5,"f:20:10:20:26":2,"s:21:4:32:Infinity":6,"f:23:30:23:31":3,"s:23:41:30:8":7,"f:35:10:35:26":4,"s:36:4:53:Infinity":8,"f:38:32:38:33":5,"s:38:40:45:8":9}}}
}
